warn: Ruta /favicon.ico no encontrada {"timestamp":"2022-07-19T02:25:08.355Z"}
warn: Ruta /info no encontrada {"timestamp":"2022-07-19T03:14:37.877Z"}
warn: Ruta /prueba?eso=ojhkjhk no encontrada {"timestamp":"2022-07-19T04:52:17.663Z"}
warn: Ruta /prueba?eso=jkhk no encontrada {"timestamp":"2022-07-19T04:53:11.420Z"}
warn: Ruta /prueba?eso=jkhk no encontrada {"timestamp":"2022-07-19T05:26:12.721Z"}
warn: Ruta /prueba?eso=jkhk no encontrada {"timestamp":"2022-07-19T05:26:17.323Z"}
warn: Ruta /alt= no encontrada {"timestamp":"2022-07-19T05:54:25.320Z"}
warn: Ruta /src/public/Storage/AvatarDefault.png no encontrada {"timestamp":"2022-07-19T07:28:26.411Z"}
warn: Ruta /src/public/Storage/AvatarDefault.png no encontrada {"timestamp":"2022-07-19T07:28:31.489Z"}
warn: Ruta /Storage/ no encontrada {"timestamp":"2022-07-19T07:49:56.166Z"}
warn: Ruta /(concat no encontrada {"timestamp":"2022-07-19T07:55:18.316Z"}
warn: Ruta /favicon.ico no encontrada {"timestamp":"2022-07-19T14:47:37.641Z"}
warn: Ruta /cart no encontrada {"timestamp":"2022-07-19T15:16:50.209Z"}
warn: Ruta /2 no encontrada {"timestamp":"2022-07-19T15:19:41.836Z"}
warn: Ruta /1 no encontrada {"timestamp":"2022-07-19T15:19:47.465Z"}
warn: Ruta /favicon.ico no encontrada {"timestamp":"2022-07-20T01:43:20.643Z"}
warn: Ruta /favicon.ico no encontrada {"timestamp":"2022-07-20T21:18:00.868Z"}
warn: Ruta /cart/products no encontrada {"timestamp":"2022-07-21T03:27:51.800Z"}
warn: Ruta /%7Bitem.imageUrl%7D no encontrada {"timestamp":"2022-07-21T05:16:38.239Z"}
warn: Ruta /%7BdeleteIcon%7D no encontrada {"timestamp":"2022-07-21T05:16:39.357Z"}
warn: Ruta /%7Bitem.imageUrl%7D no encontrada {"timestamp":"2022-07-21T05:29:51.865Z"}
warn: Ruta /multimedia/deleteIcon,png no encontrada {"timestamp":"2022-07-21T05:29:52.977Z"}
warn: Ruta /%7Bitem.imageUrl%7D no encontrada {"timestamp":"2022-07-21T05:30:29.598Z"}
warn: Ruta /%7Bitem.imageUrl%7D no encontrada {"timestamp":"2022-07-21T05:31:43.881Z"}
warn: Ruta /%7Bitem.imageUrl%7D no encontrada {"timestamp":"2022-07-21T05:36:35.242Z"}
warn: Ruta /%7Bitem.imageUrl%7D no encontrada {"timestamp":"2022-07-21T05:38:01.257Z"}
warn: Ruta /%7Bitem.imageUrl%7D no encontrada {"timestamp":"2022-07-21T05:39:06.978Z"}
warn: Ruta /%7Bitem.imageUrl%7D no encontrada {"timestamp":"2022-07-21T05:41:25.707Z"}
warn: Ruta /alt= no encontrada {"timestamp":"2022-07-21T05:43:34.039Z"}
warn: Ruta /alt= no encontrada {"timestamp":"2022-07-21T05:45:08.234Z"}
warn: Ruta /alt= no encontrada {"timestamp":"2022-07-21T05:45:32.305Z"}
warn: Ruta /alt= no encontrada {"timestamp":"2022-07-21T05:46:43.696Z"}
warn: Ruta /alt= no encontrada {"timestamp":"2022-07-21T05:47:24.775Z"}
warn: Ruta /alt= no encontrada {"timestamp":"2022-07-21T05:48:24.941Z"}
warn: Ruta /alt= no encontrada {"timestamp":"2022-07-21T05:49:04.337Z"}
warn: Ruta /alt= no encontrada {"timestamp":"2022-07-21T05:49:56.406Z"}
warn: Ruta /alt= no encontrada {"timestamp":"2022-07-21T06:17:31.883Z"}
